[[1;34mINFO[m] Scanning for projects...
[[1;34mINFO[m] 
[[1;34mINFO[m] [1m-----------------------< [0;36mcom.furbitobet:backend[0;1m >-----------------------[m
[[1;34mINFO[m] [1mBuilding backend 0.0.1-SNAPSHOT[m
[[1;34mINFO[m]   from pom.xml
[[1;34mINFO[m] [1m--------------------------------[ jar ]---------------------------------[m
[[1;34mINFO[m] 
[[1;34mINFO[m] [1m>>> [0;32mspring-boot:3.2.3:run[m [1m(default-cli)[0;1m > [0;1mtest-compile[m @ [36mbackend[0;1m >>>[m
[[1;34mINFO[m] 
[[1;34mINFO[m] [1m--- [0;32mresources:3.3.1:resources[m [1m(default-resources)[m @ [36mbackend[0;1m ---[m
[[1;34mINFO[m] Copying 1 resource from src/main/resources to target/classes
[[1;34mINFO[m] Copying 0 resource from src/main/resources to target/classes
[[1;34mINFO[m] 
[[1;34mINFO[m] [1m--- [0;32mcompiler:3.11.0:compile[m [1m(default-compile)[m @ [36mbackend[0;1m ---[m
[[1;34mINFO[m] Nothing to compile - all classes are up to date
[[1;34mINFO[m] 
[[1;34mINFO[m] [1m--- [0;32mresources:3.3.1:testResources[m [1m(default-testResources)[m @ [36mbackend[0;1m ---[m
[[1;34mINFO[m] skip non existing resourceDirectory /home/manulago/Escritorio/FurbitoBET/backend/src/test/resources
[[1;34mINFO[m] 
[[1;34mINFO[m] [1m--- [0;32mcompiler:3.11.0:testCompile[m [1m(default-testCompile)[m @ [36mbackend[0;1m ---[m
[[1;34mINFO[m] No sources to compile
[[1;34mINFO[m] 
[[1;34mINFO[m] [1m<<< [0;32mspring-boot:3.2.3:run[m [1m(default-cli)[0;1m < [0;1mtest-compile[m @ [36mbackend[0;1m <<<[m
[[1;34mINFO[m] 
[[1;34mINFO[m] 
[[1;34mINFO[m] [1m--- [0;32mspring-boot:3.2.3:run[m [1m(default-cli)[m @ [36mbackend[0;1m ---[m
[[1;34mINFO[m] Attaching agents: []

  .   ____          _            __ _ _
 /\\ / ___'_ __ _ _(_)_ __  __ _ \ \ \ \
( ( )\___ | '_ | '_| | '_ \/ _` | \ \ \ \
 \\/  ___)| |_)| | | | | || (_| |  ) ) ) )
  '  |____| .__|_| |_|_| |_\__, | / / / /
 =========|_|==============|___/=/_/_/_/
 :: Spring Boot ::                (v3.2.3)

2025-12-05T03:39:42.930+01:00  INFO 95919 --- [backend] [           main] c.f.backend.FurbitoBetApplication        : Starting FurbitoBetApplication using Java 21.0.9 with PID 95919 (/home/manulago/Escritorio/FurbitoBET/backend/target/classes started by manulago in /home/manulago/Escritorio/FurbitoBET/backend)
2025-12-05T03:39:42.936+01:00  INFO 95919 --- [backend] [           main] c.f.backend.FurbitoBetApplication        : No active profile set, falling back to 1 default profile: "default"
2025-12-05T03:39:43.858+01:00  INFO 95919 --- [backend] [           main] .s.d.r.c.RepositoryConfigurationDelegate : Bootstrapping Spring Data JPA repositories in DEFAULT mode.
2025-12-05T03:39:43.984+01:00  INFO 95919 --- [backend] [           main] .s.d.r.c.RepositoryConfigurationDelegate : Finished Spring Data repository scanning in 115 ms. Found 5 JPA repository interfaces.
2025-12-05T03:39:44.492+01:00  INFO 95919 --- [backend] [           main] o.s.b.w.embedded.tomcat.TomcatWebServer  : Tomcat initialized with port 8080 (http)
2025-12-05T03:39:44.504+01:00  INFO 95919 --- [backend] [           main] o.apache.catalina.core.StandardService   : Starting service [Tomcat]
2025-12-05T03:39:44.504+01:00  INFO 95919 --- [backend] [           main] o.apache.catalina.core.StandardEngine    : Starting Servlet engine: [Apache Tomcat/10.1.19]
2025-12-05T03:39:44.547+01:00  INFO 95919 --- [backend] [           main] o.a.c.c.C.[Tomcat].[localhost].[/]       : Initializing Spring embedded WebApplicationContext
2025-12-05T03:39:44.548+01:00  INFO 95919 --- [backend] [           main] w.s.c.ServletWebServerApplicationContext : Root WebApplicationContext: initialization completed in 1527 ms
2025-12-05T03:39:44.682+01:00  INFO 95919 --- [backend] [           main] o.hibernate.jpa.internal.util.LogHelper  : HHH000204: Processing PersistenceUnitInfo [name: default]
2025-12-05T03:39:44.728+01:00  INFO 95919 --- [backend] [           main] org.hibernate.Version                    : HHH000412: Hibernate ORM core version 6.4.4.Final
2025-12-05T03:39:44.754+01:00  INFO 95919 --- [backend] [           main] o.h.c.internal.RegionFactoryInitiator    : HHH000026: Second-level cache disabled
2025-12-05T03:39:44.958+01:00  INFO 95919 --- [backend] [           main] o.s.o.j.p.SpringPersistenceUnitInfo      : No LoadTimeWeaver setup: ignoring JPA class transformer
2025-12-05T03:39:44.979+01:00  INFO 95919 --- [backend] [           main] com.zaxxer.hikari.HikariDataSource       : HikariPool-1 - Starting...
2025-12-05T03:39:45.115+01:00  INFO 95919 --- [backend] [           main] com.zaxxer.hikari.pool.HikariPool        : HikariPool-1 - Added connection org.postgresql.jdbc.PgConnection@6060146b
2025-12-05T03:39:45.116+01:00  INFO 95919 --- [backend] [           main] com.zaxxer.hikari.HikariDataSource       : HikariPool-1 - Start completed.
2025-12-05T03:39:45.140+01:00  WARN 95919 --- [backend] [           main] org.hibernate.orm.deprecation            : HHH90000025: PostgreSQLDialect does not need to be specified explicitly using 'hibernate.dialect' (remove the property setting and it will be selected by default)
2025-12-05T03:39:46.046+01:00  INFO 95919 --- [backend] [           main] o.h.e.t.j.p.i.JtaPlatformInitiator       : HHH000489: No JTA platform available (set 'hibernate.transaction.jta.platform' to enable JTA platform integration)
2025-12-05T03:39:46.179+01:00  INFO 95919 --- [backend] [           main] j.LocalContainerEntityManagerFactoryBean : Initialized JPA EntityManagerFactory for persistence unit 'default'
2025-12-05T03:39:46.778+01:00  WARN 95919 --- [backend] [           main] JpaBaseConfiguration$JpaWebConfiguration : spring.jpa.open-in-view is enabled by default. Therefore, database queries may be performed during view rendering. Explicitly configure spring.jpa.open-in-view to disable this warning
2025-12-05T03:39:46.793+01:00  WARN 95919 --- [backend] [           main] .s.s.UserDetailsServiceAutoConfiguration : 

Using generated security password: 61a04b7b-6a59-4e2d-9091-a95c21c28458

This generated password is for development use only. Your security configuration must be updated before running your application in production.

2025-12-05T03:39:47.020+01:00  INFO 95919 --- [backend] [           main] o.s.s.web.DefaultSecurityFilterChain     : Will secure any request with [org.springframework.security.web.session.DisableEncodeUrlFilter@2fafa9bf, org.springframework.security.web.context.request.async.WebAsyncManagerIntegrationFilter@53fd59d4, org.springframework.security.web.context.SecurityContextHolderFilter@58b30e3e, org.springframework.security.web.header.HeaderWriterFilter@7a1878d, org.springframework.web.filter.CorsFilter@43c3354, org.springframework.security.web.authentication.logout.LogoutFilter@64836643, org.springframework.security.web.savedrequest.RequestCacheAwareFilter@6a0aa5e2, org.springframework.security.web.servletapi.SecurityContextHolderAwareRequestFilter@630bd5e7, org.springframework.security.web.authentication.AnonymousAuthenticationFilter@260fffec, org.springframework.security.web.access.ExceptionTranslationFilter@610d0067, org.springframework.security.web.access.intercept.AuthorizationFilter@5f346355]
2025-12-05T03:39:47.192+01:00  INFO 95919 --- [backend] [           main] o.s.b.w.embedded.tomcat.TomcatWebServer  : Tomcat started on port 8080 (http) with context path ''
2025-12-05T03:39:47.202+01:00  INFO 95919 --- [backend] [           main] c.f.backend.FurbitoBetApplication        : Started FurbitoBetApplication in 4.852 seconds (process running for 5.123)
2025-12-05T03:39:47.206+01:00  INFO 95919 --- [backend] [   scheduling-1] c.f.backend.service.EventSyncService     : Starting event synchronization for team: INFORMÃTICA-1
2025-12-05T03:39:48.106+01:00  INFO 95919 --- [backend] [   scheduling-1] c.f.backend.service.ScraperService       : Scraping URL: https://udcxest.udc.gal/xest/publica/liga/grupo/clasificacion.xhtml?idobjsel=749
2025-12-05T03:39:48.106+01:00  INFO 95919 --- [backend] [   scheduling-1] c.f.backend.service.ScraperService       : Document Title: UDC Xest - Liga
2025-12-05T03:39:48.107+01:00  INFO 95919 --- [backend] [   scheduling-1] c.f.backend.service.ScraperService       : Found rows: 10
2025-12-05T03:39:48.155+01:00  INFO 95919 --- [backend] [   scheduling-1] c.f.backend.service.EventSyncService     : Event synchronization completed.
2025-12-05T03:43:21.735+01:00  INFO 95919 --- [backend] [nio-8080-exec-1] o.a.c.c.C.[Tomcat].[localhost].[/]       : Initializing Spring DispatcherServlet 'dispatcherServlet'
2025-12-05T03:43:21.735+01:00  INFO 95919 --- [backend] [nio-8080-exec-1] o.s.web.servlet.DispatcherServlet        : Initializing Servlet 'dispatcherServlet'
2025-12-05T03:43:21.736+01:00  INFO 95919 --- [backend] [nio-8080-exec-1] o.s.web.servlet.DispatcherServlet        : Completed initialization in 1 ms
2025-12-05T03:43:30.254+01:00  INFO 95919 --- [backend] [nio-8080-exec-4] c.f.backend.service.ScraperService       : Scraping URL: https://udcxest.udc.gal/xest/publica/liga/grupo/clasificacion.xhtml?idobjsel=749
2025-12-05T03:43:30.254+01:00  INFO 95919 --- [backend] [nio-8080-exec-4] c.f.backend.service.ScraperService       : Document Title: UDC Xest - Liga
2025-12-05T03:43:30.255+01:00  INFO 95919 --- [backend] [nio-8080-exec-4] c.f.backend.service.ScraperService       : Found rows: 10
2025-12-05T03:44:18.996+01:00  INFO 95919 --- [backend] [nio-8080-exec-2] c.f.backend.service.ScraperService       : Scraping URL: https://udcxest.udc.gal/xest/publica/liga/grupo/clasificacion.xhtml?idobjsel=749
2025-12-05T03:44:18.997+01:00  INFO 95919 --- [backend] [nio-8080-exec-2] c.f.backend.service.ScraperService       : Document Title: UDC Xest - Liga
2025-12-05T03:44:18.999+01:00  INFO 95919 --- [backend] [nio-8080-exec-2] c.f.backend.service.ScraperService       : Found rows: 10
2025-12-05T03:56:29.631+01:00  INFO 95919 --- [backend] [nio-8080-exec-5] c.f.backend.service.ScraperService       : Scraping URL: https://udcxest.udc.gal/xest/publica/liga/grupo/clasificacion.xhtml?idobjsel=749
2025-12-05T03:56:29.633+01:00  INFO 95919 --- [backend] [nio-8080-exec-5] c.f.backend.service.ScraperService       : Document Title: UDC Xest - Liga
2025-12-05T03:56:29.634+01:00  INFO 95919 --- [backend] [nio-8080-exec-5] c.f.backend.service.ScraperService       : Found rows: 10
2025-12-05T03:57:56.602+01:00  INFO 95919 --- [backend] [nio-8080-exec-3] c.f.backend.service.ScraperService       : Scraping URL: https://udcxest.udc.gal/xest/publica/liga/grupo/clasificacion.xhtml?idobjsel=749
2025-12-05T03:57:56.603+01:00  INFO 95919 --- [backend] [nio-8080-exec-3] c.f.backend.service.ScraperService       : Document Title: UDC Xest - Liga
2025-12-05T03:57:56.603+01:00  INFO 95919 --- [backend] [nio-8080-exec-3] c.f.backend.service.ScraperService       : Found rows: 10
2025-12-05T03:57:59.188+01:00  INFO 95919 --- [backend] [nio-8080-exec-5] c.f.backend.service.ScraperService       : Scraping URL: https://udcxest.udc.gal/xest/publica/liga/grupo/clasificacion.xhtml?idobjsel=749
2025-12-05T03:57:59.189+01:00  INFO 95919 --- [backend] [nio-8080-exec-5] c.f.backend.service.ScraperService       : Document Title: UDC Xest - Liga
2025-12-05T03:57:59.192+01:00  INFO 95919 --- [backend] [nio-8080-exec-5] c.f.backend.service.ScraperService       : Found rows: 10
2025-12-05T03:58:07.095+01:00  INFO 95919 --- [backend] [nio-8080-exec-8] c.f.backend.service.ScraperService       : Scraping URL: https://udcxest.udc.gal/xest/publica/liga/grupo/clasificacion.xhtml?idobjsel=749
2025-12-05T03:58:07.096+01:00  INFO 95919 --- [backend] [nio-8080-exec-8] c.f.backend.service.ScraperService       : Document Title: UDC Xest - Liga
2025-12-05T03:58:07.098+01:00  INFO 95919 --- [backend] [nio-8080-exec-8] c.f.backend.service.ScraperService       : Found rows: 10
2025-12-05T03:58:10.440+01:00  INFO 95919 --- [backend] [nio-8080-exec-2] c.f.backend.service.ScraperService       : Scraping URL: https://udcxest.udc.gal/xest/publica/liga/grupo/clasificacion.xhtml?idobjsel=749
2025-12-05T03:58:10.440+01:00  INFO 95919 --- [backend] [nio-8080-exec-2] c.f.backend.service.ScraperService       : Document Title: UDC Xest - Liga
2025-12-05T03:58:10.441+01:00  INFO 95919 --- [backend] [nio-8080-exec-2] c.f.backend.service.ScraperService       : Found rows: 10
2025-12-05T03:58:36.232+01:00  INFO 95919 --- [backend] [nio-8080-exec-6] c.f.backend.service.ScraperService       : Scraping URL: https://udcxest.udc.gal/xest/publica/liga/grupo/clasificacion.xhtml?idobjsel=749
2025-12-05T03:58:36.239+01:00  INFO 95919 --- [backend] [nio-8080-exec-6] c.f.backend.service.ScraperService       : Document Title: UDC Xest - Liga
2025-12-05T03:58:36.245+01:00  INFO 95919 --- [backend] [nio-8080-exec-6] c.f.backend.service.ScraperService       : Found rows: 10
2025-12-05T03:58:39.059+01:00  INFO 95919 --- [backend] [nio-8080-exec-1] c.f.backend.service.ScraperService       : Scraping URL: https://udcxest.udc.gal/xest/publica/liga/grupo/clasificacion.xhtml?idobjsel=749
2025-12-05T03:58:39.060+01:00  INFO 95919 --- [backend] [nio-8080-exec-1] c.f.backend.service.ScraperService       : Document Title: UDC Xest - Liga
2025-12-05T03:58:39.061+01:00  INFO 95919 --- [backend] [nio-8080-exec-1] c.f.backend.service.ScraperService       : Found rows: 10
2025-12-05T04:02:38.007+01:00 ERROR 95919 --- [backend] [nio-8080-exec-2] o.a.c.c.C.[.[.[/].[dispatcherServlet]    : Servlet.service() for servlet [dispatcherServlet] in context with path [] threw exception [Handler dispatch failed: java.lang.Error: Unresolved compilation problems: 
	VOID cannot be resolved or is not a field
	COMPLETED cannot be resolved or is not a field
] with root cause

java.lang.Error: Unresolved compilation problems: 
	VOID cannot be resolved or is not a field
	COMPLETED cannot be resolved or is not a field

	at com.furbitobet.backend.service.EventService.resolveEvent(EventService.java:174) ~[classes/:na]
	at java.base/jdk.internal.reflect.DirectMethodHandleAccessor.invoke(DirectMethodHandleAccessor.java:103) ~[na:na]
	at java.base/java.lang.reflect.Method.invoke(Method.java:580) ~[na:na]
	at org.springframework.aop.support.AopUtils.invokeJoinpointUsingReflection(AopUtils.java:351) ~[spring-aop-6.1.4.jar:6.1.4]
	at org.springframework.aop.framework.CglibAopProxy$DynamicAdvisedInterceptor.intercept(CglibAopProxy.java:713) ~[spring-aop-6.1.4.jar:6.1.4]
	at com.furbitobet.backend.service.EventService$$SpringCGLIB$$0.resolveEvent(<generated>) ~[classes/:na]
	at com.furbitobet.backend.controller.AdminController.resolveEvent(AdminController.java:167) ~[classes/:na]
	at java.base/jdk.internal.reflect.DirectMethodHandleAccessor.invoke(DirectMethodHandleAccessor.java:103) ~[na:na]
	at java.base/java.lang.reflect.Method.invoke(Method.java:580) ~[na:na]
	at org.springframework.aop.support.AopUtils.invokeJoinpointUsingReflection(AopUtils.java:351) ~[spring-aop-6.1.4.jar:6.1.4]
	at org.springframework.aop.framework.CglibAopProxy$DynamicAdvisedInterceptor.intercept(CglibAopProxy.java:713) ~[spring-aop-6.1.4.jar:6.1.4]
	at com.furbitobet.backend.controller.AdminController$$SpringCGLIB$$0.resolveEvent(<generated>) ~[classes/:na]
	at java.base/jdk.internal.reflect.DirectMethodHandleAccessor.invoke(DirectMethodHandleAccessor.java:103) ~[na:na]
	at java.base/java.lang.reflect.Method.invoke(Method.java:580) ~[na:na]
	at org.springframework.web.method.support.InvocableHandlerMethod.doInvoke(InvocableHandlerMethod.java:259) ~[spring-web-6.1.4.jar:6.1.4]
	at org.springframework.web.method.support.InvocableHandlerMethod.invokeForRequest(InvocableHandlerMethod.java:192) ~[spring-web-6.1.4.jar:6.1.4]
	at org.springframework.web.servlet.mvc.method.annotation.ServletInvocableHandlerMethod.invokeAndHandle(ServletInvocableHandlerMethod.java:118) ~[spring-webmvc-6.1.4.jar:6.1.4]
	at org.springframework.web.servlet.mvc.method.annotation.RequestMappingHandlerAdapter.invokeHandlerMethod(RequestMappingHandlerAdapter.java:920) ~[spring-webmvc-6.1.4.jar:6.1.4]
	at org.springframework.web.servlet.mvc.method.annotation.RequestMappingHandlerAdapter.handleInternal(RequestMappingHandlerAdapter.java:830) ~[spring-webmvc-6.1.4.jar:6.1.4]
	at org.springframework.web.servlet.mvc.method.AbstractHandlerMethodAdapter.handle(AbstractHandlerMethodAdapter.java:87) ~[spring-webmvc-6.1.4.jar:6.1.4]
	at org.springframework.web.servlet.DispatcherServlet.doDispatch(DispatcherServlet.java:1089) ~[spring-webmvc-6.1.4.jar:6.1.4]
	at org.springframework.web.servlet.DispatcherServlet.doService(DispatcherServlet.java:979) ~[spring-webmvc-6.1.4.jar:6.1.4]
	at org.springframework.web.servlet.FrameworkServlet.processRequest(FrameworkServlet.java:1014) ~[spring-webmvc-6.1.4.jar:6.1.4]
	at org.springframework.web.servlet.FrameworkServlet.doPost(FrameworkServlet.java:914) ~[spring-webmvc-6.1.4.jar:6.1.4]
	at jakarta.servlet.http.HttpServlet.service(HttpServlet.java:590) ~[tomcat-embed-core-10.1.19.jar:6.0]
	at org.springframework.web.servlet.FrameworkServlet.service(FrameworkServlet.java:885) ~[spring-webmvc-6.1.4.jar:6.1.4]
	at jakarta.servlet.http.HttpServlet.service(HttpServlet.java:658) ~[tomcat-embed-core-10.1.19.jar:6.0]
	at org.apache.catalina.core.ApplicationFilterChain.internalDoFilter(ApplicationFilterChain.java:205) ~[tomcat-embed-core-10.1.19.jar:10.1.19]
	at org.apache.catalina.core.ApplicationFilterChain.doFilter(ApplicationFilterChain.java:149) ~[tomcat-embed-core-10.1.19.jar:10.1.19]
	at org.apache.tomcat.websocket.server.WsFilter.doFilter(WsFilter.java:51) ~[tomcat-embed-websocket-10.1.19.jar:10.1.19]
	at org.apache.catalina.core.ApplicationFilterChain.internalDoFilter(ApplicationFilterChain.java:174) ~[tomcat-embed-core-10.1.19.jar:10.1.19]
	at org.apache.catalina.core.ApplicationFilterChain.doFilter(ApplicationFilterChain.java:149) ~[tomcat-embed-core-10.1.19.jar:10.1.19]
	at org.springframework.web.filter.CompositeFilter$VirtualFilterChain.doFilter(CompositeFilter.java:108) ~[spring-web-6.1.4.jar:6.1.4]
	at org.springframework.security.web.FilterChainProxy.lambda$doFilterInternal$3(FilterChainProxy.java:231) ~[spring-security-web-6.2.2.jar:6.2.2]
	at org.springframework.security.web.FilterChainProxy$VirtualFilterChain.doFilter(FilterChainProxy.java:365) ~[spring-security-web-6.2.2.jar:6.2.2]
	at org.springframework.security.web.access.intercept.AuthorizationFilter.doFilter(AuthorizationFilter.java:100) ~[spring-security-web-6.2.2.jar:6.2.2]
	at org.springframework.security.web.FilterChainProxy$VirtualFilterChain.doFilter(FilterChainProxy.java:374) ~[spring-security-web-6.2.2.jar:6.2.2]
	at org.springframework.security.web.access.ExceptionTranslationFilter.doFilter(ExceptionTranslationFilter.java:126) ~[spring-security-web-6.2.2.jar:6.2.2]
	at org.springframework.security.web.access.ExceptionTranslationFilter.doFilter(ExceptionTranslationFilter.java:120) ~[spring-security-web-6.2.2.jar:6.2.2]
	at org.springframework.security.web.FilterChainProxy$VirtualFilterChain.doFilter(FilterChainProxy.java:374) ~[spring-security-web-6.2.2.jar:6.2.2]
	at org.springframework.security.web.authentication.AnonymousAuthenticationFilter.doFilter(AnonymousAuthenticationFilter.java:100) ~[spring-security-web-6.2.2.jar:6.2.2]
	at org.springframework.security.web.FilterChainProxy$VirtualFilterChain.doFilter(FilterChainProxy.java:374) ~[spring-security-web-6.2.2.jar:6.2.2]
	at org.springframework.security.web.servletapi.SecurityContextHolderAwareRequestFilter.doFilter(SecurityContextHolderAwareRequestFilter.java:179) ~[spring-security-web-6.2.2.jar:6.2.2]
	at org.springframework.security.web.FilterChainProxy$VirtualFilterChain.doFilter(FilterChainProxy.java:374) ~[spring-security-web-6.2.2.jar:6.2.2]
	at org.springframework.security.web.savedrequest.RequestCacheAwareFilter.doFilter(RequestCacheAwareFilter.java:63) ~[spring-security-web-6.2.2.jar:6.2.2]
	at org.springframework.security.web.FilterChainProxy$VirtualFilterChain.doFilter(FilterChainProxy.java:374) ~[spring-security-web-6.2.2.jar:6.2.2]
	at org.springframework.security.web.authentication.logout.LogoutFilter.doFilter(LogoutFilter.java:107) ~[spring-security-web-6.2.2.jar:6.2.2]
	at org.springframework.security.web.authentication.logout.LogoutFilter.doFilter(LogoutFilter.java:93) ~[spring-security-web-6.2.2.jar:6.2.2]
	at org.springframework.security.web.FilterChainProxy$VirtualFilterChain.doFilter(FilterChainProxy.java:374) ~[spring-security-web-6.2.2.jar:6.2.2]
	at org.springframework.web.filter.CorsFilter.doFilterInternal(CorsFilter.java:91) ~[spring-web-6.1.4.jar:6.1.4]
	at org.springframework.web.filter.OncePerRequestFilter.doFilter(OncePerRequestFilter.java:116) ~[spring-web-6.1.4.jar:6.1.4]
	at org.springframework.security.web.FilterChainProxy$VirtualFilterChain.doFilter(FilterChainProxy.java:374) ~[spring-security-web-6.2.2.jar:6.2.2]
	at org.springframework.security.web.header.HeaderWriterFilter.doHeadersAfter(HeaderWriterFilter.java:90) ~[spring-security-web-6.2.2.jar:6.2.2]
	at org.springframework.security.web.header.HeaderWriterFilter.doFilterInternal(HeaderWriterFilter.java:75) ~[spring-security-web-6.2.2.jar:6.2.2]
	at org.springframework.web.filter.OncePerRequestFilter.doFilter(OncePerRequestFilter.java:116) ~[spring-web-6.1.4.jar:6.1.4]
	at org.springframework.security.web.FilterChainProxy$VirtualFilterChain.doFilter(FilterChainProxy.java:374) ~[spring-security-web-6.2.2.jar:6.2.2]
	at org.springframework.security.web.context.SecurityContextHolderFilter.doFilter(SecurityContextHolderFilter.java:82) ~[spring-security-web-6.2.2.jar:6.2.2]
	at org.springframework.security.web.context.SecurityContextHolderFilter.doFilter(SecurityContextHolderFilter.java:69) ~[spring-security-web-6.2.2.jar:6.2.2]
	at org.springframework.security.web.FilterChainProxy$VirtualFilterChain.doFilter(FilterChainProxy.java:374) ~[spring-security-web-6.2.2.jar:6.2.2]
	at org.springframework.security.web.context.request.async.WebAsyncManagerIntegrationFilter.doFilterInternal(WebAsyncManagerIntegrationFilter.java:62) ~[spring-security-web-6.2.2.jar:6.2.2]
	at org.springframework.web.filter.OncePerRequestFilter.doFilter(OncePerRequestFilter.java:116) ~[spring-web-6.1.4.jar:6.1.4]
	at org.springframework.security.web.FilterChainProxy$VirtualFilterChain.doFilter(FilterChainProxy.java:374) ~[spring-security-web-6.2.2.jar:6.2.2]
	at org.springframework.security.web.session.DisableEncodeUrlFilter.doFilterInternal(DisableEncodeUrlFilter.java:42) ~[spring-security-web-6.2.2.jar:6.2.2]
	at org.springframework.web.filter.OncePerRequestFilter.doFilter(OncePerRequestFilter.java:116) ~[spring-web-6.1.4.jar:6.1.4]
	at org.springframework.security.web.FilterChainProxy$VirtualFilterChain.doFilter(FilterChainProxy.java:374) ~[spring-security-web-6.2.2.jar:6.2.2]
	at org.springframework.security.web.FilterChainProxy.doFilterInternal(FilterChainProxy.java:233) ~[spring-security-web-6.2.2.jar:6.2.2]
	at org.springframework.security.web.FilterChainProxy.doFilter(FilterChainProxy.java:191) ~[spring-security-web-6.2.2.jar:6.2.2]
	at org.springframework.web.filter.CompositeFilter$VirtualFilterChain.doFilter(CompositeFilter.java:113) ~[spring-web-6.1.4.jar:6.1.4]
	at org.springframework.web.servlet.handler.HandlerMappingIntrospector.lambda$createCacheFilter$3(HandlerMappingIntrospector.java:195) ~[spring-webmvc-6.1.4.jar:6.1.4]
	at org.springframework.web.filter.CompositeFilter$VirtualFilterChain.doFilter(CompositeFilter.java:113) ~[spring-web-6.1.4.jar:6.1.4]
	at org.springframework.web.filter.CompositeFilter.doFilter(CompositeFilter.java:74) ~[spring-web-6.1.4.jar:6.1.4]
	at org.springframework.security.config.annotation.web.configuration.WebMvcSecurityConfiguration$CompositeFilterChainProxy.doFilter(WebMvcSecurityConfiguration.java:230) ~[spring-security-config-6.2.2.jar:6.2.2]
	at org.springframework.web.filter.DelegatingFilterProxy.invokeDelegate(DelegatingFilterProxy.java:352) ~[spring-web-6.1.4.jar:6.1.4]
	at org.springframework.web.filter.DelegatingFilterProxy.doFilter(DelegatingFilterProxy.java:268) ~[spring-web-6.1.4.jar:6.1.4]
	at org.apache.catalina.core.ApplicationFilterChain.internalDoFilter(ApplicationFilterChain.java:174) ~[tomcat-embed-core-10.1.19.jar:10.1.19]
	at org.apache.catalina.core.ApplicationFilterChain.doFilter(ApplicationFilterChain.java:149) ~[tomcat-embed-core-10.1.19.jar:10.1.19]
	at org.springframework.web.filter.RequestContextFilter.doFilterInternal(RequestContextFilter.java:100) ~[spring-web-6.1.4.jar:6.1.4]
	at org.springframework.web.filter.OncePerRequestFilter.doFilter(OncePerRequestFilter.java:116) ~[spring-web-6.1.4.jar:6.1.4]
	at org.apache.catalina.core.ApplicationFilterChain.internalDoFilter(ApplicationFilterChain.java:174) ~[tomcat-embed-core-10.1.19.jar:10.1.19]
	at org.apache.catalina.core.ApplicationFilterChain.doFilter(ApplicationFilterChain.java:149) ~[tomcat-embed-core-10.1.19.jar:10.1.19]
	at org.springframework.web.filter.FormContentFilter.doFilterInternal(FormContentFilter.java:93) ~[spring-web-6.1.4.jar:6.1.4]
	at org.springframework.web.filter.OncePerRequestFilter.doFilter(OncePerRequestFilter.java:116) ~[spring-web-6.1.4.jar:6.1.4]
	at org.apache.catalina.core.ApplicationFilterChain.internalDoFilter(ApplicationFilterChain.java:174) ~[tomcat-embed-core-10.1.19.jar:10.1.19]
	at org.apache.catalina.core.ApplicationFilterChain.doFilter(ApplicationFilterChain.java:149) ~[tomcat-embed-core-10.1.19.jar:10.1.19]
	at org.springframework.web.filter.CharacterEncodingFilter.doFilterInternal(CharacterEncodingFilter.java:201) ~[spring-web-6.1.4.jar:6.1.4]
	at org.springframework.web.filter.OncePerRequestFilter.doFilter(OncePerRequestFilter.java:116) ~[spring-web-6.1.4.jar:6.1.4]
	at org.apache.catalina.core.ApplicationFilterChain.internalDoFilter(ApplicationFilterChain.java:174) ~[tomcat-embed-core-10.1.19.jar:10.1.19]
	at org.apache.catalina.core.ApplicationFilterChain.doFilter(ApplicationFilterChain.java:149) ~[tomcat-embed-core-10.1.19.jar:10.1.19]
	at org.apache.catalina.core.StandardWrapperValve.invoke(StandardWrapperValve.java:167) ~[tomcat-embed-core-10.1.19.jar:10.1.19]
	at org.apache.catalina.core.StandardContextValve.invoke(StandardContextValve.java:90) ~[tomcat-embed-core-10.1.19.jar:10.1.19]
	at org.apache.catalina.authenticator.AuthenticatorBase.invoke(AuthenticatorBase.java:482) ~[tomcat-embed-core-10.1.19.jar:10.1.19]
	at org.apache.catalina.core.StandardHostValve.invoke(StandardHostValve.java:115) ~[tomcat-embed-core-10.1.19.jar:10.1.19]
	at org.apache.catalina.valves.ErrorReportValve.invoke(ErrorReportValve.java:93) ~[tomcat-embed-core-10.1.19.jar:10.1.19]
	at org.apache.catalina.core.StandardEngineValve.invoke(StandardEngineValve.java:74) ~[tomcat-embed-core-10.1.19.jar:10.1.19]
	at org.apache.catalina.connector.CoyoteAdapter.service(CoyoteAdapter.java:344) ~[tomcat-embed-core-10.1.19.jar:10.1.19]
	at org.apache.coyote.http11.Http11Processor.service(Http11Processor.java:391) ~[tomcat-embed-core-10.1.19.jar:10.1.19]
	at org.apache.coyote.AbstractProcessorLight.process(AbstractProcessorLight.java:63) ~[tomcat-embed-core-10.1.19.jar:10.1.19]
	at org.apache.coyote.AbstractProtocol$ConnectionHandler.process(AbstractProtocol.java:896) ~[tomcat-embed-core-10.1.19.jar:10.1.19]
	at org.apache.tomcat.util.net.NioEndpoint$SocketProcessor.doRun(NioEndpoint.java:1744) ~[tomcat-embed-core-10.1.19.jar:10.1.19]
	at org.apache.tomcat.util.net.SocketProcessorBase.run(SocketProcessorBase.java:52) ~[tomcat-embed-core-10.1.19.jar:10.1.19]
	at org.apache.tomcat.util.threads.ThreadPoolExecutor.runWorker(ThreadPoolExecutor.java:1191) ~[tomcat-embed-core-10.1.19.jar:10.1.19]
	at org.apache.tomcat.util.threads.ThreadPoolExecutor$Worker.run(ThreadPoolExecutor.java:659) ~[tomcat-embed-core-10.1.19.jar:10.1.19]
	at org.apache.tomcat.util.threads.TaskThread$WrappingRunnable.run(TaskThread.java:63) ~[tomcat-embed-core-10.1.19.jar:10.1.19]
	at java.base/java.lang.Thread.run(Thread.java:1583) ~[na:na]

2025-12-05T04:02:54.292+01:00  INFO 95919 --- [backend] [nio-8080-exec-4] c.f.backend.service.ScraperService       : Scraping URL: https://udcxest.udc.gal/xest/publica/liga/grupo/clasificacion.xhtml?idobjsel=749
2025-12-05T04:02:54.292+01:00  INFO 95919 --- [backend] [nio-8080-exec-4] c.f.backend.service.ScraperService       : Document Title: UDC Xest - Liga
2025-12-05T04:02:54.293+01:00  INFO 95919 --- [backend] [nio-8080-exec-4] c.f.backend.service.ScraperService       : Found rows: 10
2025-12-05T04:02:55.872+01:00  INFO 95919 --- [backend] [nio-8080-exec-6] c.f.backend.service.ScraperService       : Scraping URL: https://udcxest.udc.gal/xest/publica/liga/grupo/clasificacion.xhtml?idobjsel=749
2025-12-05T04:02:55.872+01:00  INFO 95919 --- [backend] [nio-8080-exec-6] c.f.backend.service.ScraperService       : Document Title: UDC Xest - Liga
2025-12-05T04:02:55.873+01:00  INFO 95919 --- [backend] [nio-8080-exec-6] c.f.backend.service.ScraperService       : Found rows: 10
2025-12-05T04:02:58.453+01:00  INFO 95919 --- [backend] [nio-8080-exec-8] c.f.backend.service.ScraperService       : Scraping URL: https://udcxest.udc.gal/xest/publica/liga/grupo/clasificacion.xhtml?idobjsel=749
2025-12-05T04:02:58.454+01:00  INFO 95919 --- [backend] [nio-8080-exec-8] c.f.backend.service.ScraperService       : Document Title: UDC Xest - Liga
2025-12-05T04:02:58.454+01:00  INFO 95919 --- [backend] [nio-8080-exec-8] c.f.backend.service.ScraperService       : Found rows: 10
2025-12-05T04:03:00.084+01:00  INFO 95919 --- [backend] [nio-8080-exec-2] c.f.backend.service.ScraperService       : Scraping URL: https://udcxest.udc.gal/xest/publica/liga/grupo/clasificacion.xhtml?idobjsel=749
2025-12-05T04:03:00.084+01:00  INFO 95919 --- [backend] [nio-8080-exec-2] c.f.backend.service.ScraperService       : Document Title: UDC Xest - Liga
2025-12-05T04:03:00.085+01:00  INFO 95919 --- [backend] [nio-8080-exec-2] c.f.backend.service.ScraperService       : Found rows: 10
2025-12-05T04:03:09.777+01:00  INFO 95919 --- [backend] [nio-8080-exec-1] c.f.backend.service.ScraperService       : Scraping URL: https://udcxest.udc.gal/xest/publica/liga/grupo/clasificacion.xhtml?idobjsel=749
2025-12-05T04:03:09.777+01:00  INFO 95919 --- [backend] [nio-8080-exec-1] c.f.backend.service.ScraperService       : Document Title: UDC Xest - Liga
2025-12-05T04:03:09.778+01:00  INFO 95919 --- [backend] [nio-8080-exec-1] c.f.backend.service.ScraperService       : Found rows: 10
2025-12-05T04:03:11.654+01:00  INFO 95919 --- [backend] [nio-8080-exec-3] c.f.backend.service.ScraperService       : Scraping URL: https://udcxest.udc.gal/xest/publica/liga/grupo/clasificacion.xhtml?idobjsel=749
2025-12-05T04:03:11.655+01:00  INFO 95919 --- [backend] [nio-8080-exec-3] c.f.backend.service.ScraperService       : Document Title: UDC Xest - Liga
2025-12-05T04:03:11.656+01:00  INFO 95919 --- [backend] [nio-8080-exec-3] c.f.backend.service.ScraperService       : Found rows: 10
2025-12-05T04:06:07.359+01:00  INFO 95919 --- [backend] [ionShutdownHook] j.LocalContainerEntityManagerFactoryBean : Closing JPA EntityManagerFactory for persistence unit 'default'
2025-12-05T04:06:07.386+01:00  INFO 95919 --- [backend] [ionShutdownHook] com.zaxxer.hikari.HikariDataSource       : HikariPool-1 - Shutdown initiated...
2025-12-05T04:06:07.413+01:00  INFO 95919 --- [backend] [ionShutdownHook] com.zaxxer.hikari.HikariDataSource       : HikariPool-1 - Shutdown completed.
